生成启动时间为 2020/3/9 20:18:50。
     1>项目“E:\vscode\VC C++\C++课内作业\实验三\3.5\3.3\3.3\3.3.vcxproj”在节点 2 上(build 个目标)。
     1>InitializeBuildStatus:
         正在创建“Debug\3.3.unsuccessfulbuild”，因为已指定“AlwaysCreate”。
       ClCompile:
         D:\VC\VC\bin\CL.exe /c /ZI /nologo /W3 /WX- /Od /Oy- /D _MBCS /Gm /EHsc /RTC1 /MDd /GS /fp:precise /Zc:wchar_t /Zc:forScope /Fo"Debug\\" /Fd"Debug\vc100.pdb" /Gd /TP /analyze- /errorReport:prompt ..\..\main.cpp
         main.cpp
     1>e:\vscode\vc c++\c++课内作业\实验三\3.5\main.cpp : warning C4819: 该文件包含不能在当前代码页(936)中表示的字符。请将该文件保存为 Unicode 格式以防止数据丢失
     1>e:\vscode\vc c++\c++课内作业\实验三\3.5\sale.h : warning C4819: 该文件包含不能在当前代码页(936)中表示的字符。请将该文件保存为 Unicode 格式以防止数据丢失
     1>e:\vscode\vc c++\c++课内作业\实验三\3.5\bookdata.h : warning C4819: 该文件包含不能在当前代码页(936)中表示的字符。请将该文件保存为 Unicode 格式以防止数据丢失
       Link:
         D:\VC\VC\bin\link.exe /ERRORREPORT:PROMPT /OUT:"E:\vscode\VC C++\C++课内作业\实验三\3.5\3.3\Debug\3.3.exe" /NOLOGO kernel32.lib user32.lib gdi32.lib winspool.lib comdlg32.lib advapi32.lib shell32.lib ole32.lib oleaut32.lib uuid.lib odbc32.lib odbccp32.lib /MANIFEST /ManifestFile:"Debug\3.3.exe.intermediate.manifest" /MANIFESTUAC:"level='asInvoker' uiAccess='false'" /DEBUG /PDB:"E:\vscode\VC C++\C++课内作业\实验三\3.5\3.3\Debug\3.3.pdb" /TLBID:1 /DYNAMICBASE /NXCOMPAT /IMPLIB:"E:\vscode\VC C++\C++课内作业\实验三\3.5\3.3\Debug\3.3.lib" /MACHINE:X86 Debug\main.obj
         Debug\Sale.obj
         LINK : 没有找到 E:\vscode\VC C++\C++课内作业\实验三\3.5\3.3\Debug\3.3.exe 或上一个增量链接没有生成它；正在执行完全链接
         3.3.vcxproj -> E:\vscode\VC C++\C++课内作业\实验三\3.5\3.3\Debug\3.3.exe
       Manifest:
         C:\Program Files (x86)\Microsoft SDKs\Windows\v7.0A\bin\mt.exe /nologo /verbose /outputresource:"E:\vscode\VC C++\C++课内作业\实验三\3.5\3.3\Debug\3.3.exe;#1" /manifest Debug\3.3.exe.intermediate.manifest
       FinalizeBuildStatus:
         正在删除文件“Debug\3.3.unsuccessfulbuild”。
         正在对“Debug\3.3.lastbuildstate”执行 Touch 任务。
     1>已完成生成项目“E:\vscode\VC C++\C++课内作业\实验三\3.5\3.3\3.3\3.3.vcxproj”(build 个目标)的操作。

生成成功。

已用时间 00:00:01.11
